[debug] [2025-05-22T02:27:03.911Z] ----------------------------------------------------------------------
[debug] [2025-05-22T02:27:03.913Z] Command:       C:\Program Files\nodejs\node.exe C:\Users\KoxPC\AppData\Roaming\npm\node_modules\firebase-tools\lib\bin\firebase.js deploy
[debug] [2025-05-22T02:27:03.913Z] CLI Version:   14.4.0
[debug] [2025-05-22T02:27:03.913Z] Platform:      win32
[debug] [2025-05-22T02:27:03.913Z] Node Version:  v22.15.0
[debug] [2025-05-22T02:27:03.913Z] Time:          Wed May 21 2025 20:27:03 GMT-0600 (Central Standard Time)
[debug] [2025-05-22T02:27:03.913Z] ----------------------------------------------------------------------
[debug] 
[debug] [2025-05-22T02:27:03.915Z] >>> [apiv2][query] GET https://firebase-public.firebaseio.com/cli.json [none]
[debug] [2025-05-22T02:27:04.073Z] > command requires scopes: ["email","openid","https://www.googleapis.com/auth/cloudplatformprojects.readonly","https://www.googleapis.com/auth/firebase","https://www.googleapis.com/auth/cloud-platform"]
[debug] [2025-05-22T02:27:04.074Z] > authorizing via signed-in user (admin@koxland.net)
[debug] [2025-05-22T02:27:04.074Z] [iam] checking project koxnotes for permissions ["firebase.projects.get","firebasehosting.sites.update"]
[debug] [2025-05-22T02:27:04.074Z] Checked if tokens are valid: false, expires at: 1747713685980
[debug] [2025-05-22T02:27:04.074Z] Checked if tokens are valid: false, expires at: 1747713685980
[debug] [2025-05-22T02:27:04.074Z] > refreshing access token with scopes: []
[debug] [2025-05-22T02:27:04.075Z] >>> [apiv2][query] POST https://www.googleapis.com/oauth2/v3/token [none]
[debug] [2025-05-22T02:27:04.075Z] >>> [apiv2][body] POST https://www.googleapis.com/oauth2/v3/token [omitted]
[debug] [2025-05-22T02:27:04.192Z] <<< [apiv2][status] POST https://www.googleapis.com/oauth2/v3/token 400
[debug] [2025-05-22T02:27:04.192Z] <<< [apiv2][body] POST https://www.googleapis.com/oauth2/v3/token [omitted]
[error] Authentication Error: Your credentials are no longer valid. Please run firebase login --reauth

For CI servers and headless environments, generate a new token with firebase login:ci
[error] Authentication Error: Your credentials are no longer valid. Please run firebase login --reauth

For CI servers and headless environments, generate a new token with firebase login:ci
[debug] [2025-05-22T02:27:04.193Z] [iam] error while checking permissions, command may fail: Authentication Error: Your credentials are no longer valid. Please run firebase login --reauth

For CI servers and headless environments, generate a new token with firebase login:ci
[debug] [2025-05-22T02:27:04.193Z] Checked if tokens are valid: false, expires at: 1747713685980
[debug] [2025-05-22T02:27:04.193Z] Checked if tokens are valid: false, expires at: 1747713685980
[debug] [2025-05-22T02:27:04.193Z] > refreshing access token with scopes: []
[debug] [2025-05-22T02:27:04.193Z] >>> [apiv2][query] POST https://www.googleapis.com/oauth2/v3/token [none]
[debug] [2025-05-22T02:27:04.193Z] >>> [apiv2][body] POST https://www.googleapis.com/oauth2/v3/token [omitted]
[debug] [2025-05-22T02:27:04.200Z] <<< [apiv2][status] GET https://firebase-public.firebaseio.com/cli.json 200
[debug] [2025-05-22T02:27:04.201Z] <<< [apiv2][body] GET https://firebase-public.firebaseio.com/cli.json {"cloudBuildErrorAfter":1594252800000,"cloudBuildWarnAfter":1590019200000,"defaultNode10After":1594252800000,"minVersion":"3.0.5","node8DeploysDisabledAfter":1613390400000,"node8RuntimeDisabledAfter":1615809600000,"node8WarnAfter":1600128000000}
[debug] [2025-05-22T02:27:04.277Z] <<< [apiv2][status] POST https://www.googleapis.com/oauth2/v3/token 400
[debug] [2025-05-22T02:27:04.277Z] <<< [apiv2][body] POST https://www.googleapis.com/oauth2/v3/token [omitted]
[error] Authentication Error: Your credentials are no longer valid. Please run firebase login --reauth

For CI servers and headless environments, generate a new token with firebase login:ci
[error] Authentication Error: Your credentials are no longer valid. Please run firebase login --reauth

For CI servers and headless environments, generate a new token with firebase login:ci
[debug] [2025-05-22T02:27:04.277Z] Authentication Error: Your credentials are no longer valid. Please run firebase login --reauth

For CI servers and headless environments, generate a new token with firebase login:ci
[error] 
[error] Error: Assertion failed: resolving hosting target of a site with no site name or target name. This should have caused an error earlier
[debug] [2025-05-22T02:36:30.576Z] ----------------------------------------------------------------------
[debug] [2025-05-22T02:36:30.578Z] Command:       C:\Program Files\nodejs\node.exe C:\Users\KoxPC\AppData\Roaming\npm\node_modules\firebase-tools\lib\bin\firebase.js deploy
[debug] [2025-05-22T02:36:30.578Z] CLI Version:   14.4.0
[debug] [2025-05-22T02:36:30.578Z] Platform:      win32
[debug] [2025-05-22T02:36:30.578Z] Node Version:  v22.15.0
[debug] [2025-05-22T02:36:30.578Z] Time:          Wed May 21 2025 20:36:30 GMT-0600 (Central Standard Time)
[debug] [2025-05-22T02:36:30.578Z] ----------------------------------------------------------------------
[debug] 
[debug] [2025-05-22T02:36:30.698Z] > command requires scopes: ["email","openid","https://www.googleapis.com/auth/cloudplatformprojects.readonly","https://www.googleapis.com/auth/firebase","https://www.googleapis.com/auth/cloud-platform"]
[debug] [2025-05-22T02:36:30.698Z] > authorizing via signed-in user (admin@koxland.net)
[debug] [2025-05-22T02:36:30.699Z] [iam] checking project koxnotes for permissions ["firebase.projects.get","firebasehosting.sites.update"]
[debug] [2025-05-22T02:36:30.699Z] Checked if tokens are valid: false, expires at: 1747713685980
[debug] [2025-05-22T02:36:30.699Z] Checked if tokens are valid: false, expires at: 1747713685980
[debug] [2025-05-22T02:36:30.699Z] > refreshing access token with scopes: []
[debug] [2025-05-22T02:36:30.700Z] >>> [apiv2][query] POST https://www.googleapis.com/oauth2/v3/token [none]
[debug] [2025-05-22T02:36:30.700Z] >>> [apiv2][body] POST https://www.googleapis.com/oauth2/v3/token [omitted]
[debug] [2025-05-22T02:36:30.857Z] <<< [apiv2][status] POST https://www.googleapis.com/oauth2/v3/token 400
[debug] [2025-05-22T02:36:30.857Z] <<< [apiv2][body] POST https://www.googleapis.com/oauth2/v3/token [omitted]
[error] Authentication Error: Your credentials are no longer valid. Please run firebase login --reauth

For CI servers and headless environments, generate a new token with firebase login:ci
[error] Authentication Error: Your credentials are no longer valid. Please run firebase login --reauth

For CI servers and headless environments, generate a new token with firebase login:ci
[debug] [2025-05-22T02:36:30.858Z] [iam] error while checking permissions, command may fail: Authentication Error: Your credentials are no longer valid. Please run firebase login --reauth

For CI servers and headless environments, generate a new token with firebase login:ci
[debug] [2025-05-22T02:36:30.858Z] Checked if tokens are valid: false, expires at: 1747713685980
[debug] [2025-05-22T02:36:30.858Z] Checked if tokens are valid: false, expires at: 1747713685980
[debug] [2025-05-22T02:36:30.858Z] > refreshing access token with scopes: []
[debug] [2025-05-22T02:36:30.858Z] >>> [apiv2][query] POST https://www.googleapis.com/oauth2/v3/token [none]
[debug] [2025-05-22T02:36:30.858Z] >>> [apiv2][body] POST https://www.googleapis.com/oauth2/v3/token [omitted]
[debug] [2025-05-22T02:36:30.924Z] <<< [apiv2][status] POST https://www.googleapis.com/oauth2/v3/token 400
[debug] [2025-05-22T02:36:30.924Z] <<< [apiv2][body] POST https://www.googleapis.com/oauth2/v3/token [omitted]
[error] Authentication Error: Your credentials are no longer valid. Please run firebase login --reauth

For CI servers and headless environments, generate a new token with firebase login:ci
[error] Authentication Error: Your credentials are no longer valid. Please run firebase login --reauth

For CI servers and headless environments, generate a new token with firebase login:ci
[debug] [2025-05-22T02:36:30.925Z] Authentication Error: Your credentials are no longer valid. Please run firebase login --reauth

For CI servers and headless environments, generate a new token with firebase login:ci
[error] 
[error] Error: Assertion failed: resolving hosting target of a site with no site name or target name. This should have caused an error earlier
